0 info it worked if it ends with ok
1 verbose cli [ '/Users/anne/.nvm/versions/node/v7.1.0/bin/node',
1 verbose cli   '/Users/anne/.nvm/versions/node/v7.1.0/bin/npm',
1 verbose cli   'start' ]
2 info using npm@3.10.9
3 info using node@v7.1.0
4 verbose run-script [ 'prestart', 'start', 'poststart' ]
5 info lifecycle web-api-auth-examples@0.0.1~prestart: web-api-auth-examples@0.0.1
6 silly lifecycle web-api-auth-examples@0.0.1~prestart: no script for prestart, continuing
7 info lifecycle web-api-auth-examples@0.0.1~start: web-api-auth-examples@0.0.1
8 verbose lifecycle web-api-auth-examples@0.0.1~start: unsafe-perm in lifecycle true
9 verbose lifecycle web-api-auth-examples@0.0.1~start: PATH: /Users/anne/.nvm/versions/node/v7.1.0/lib/node_modules/npm/bin/node-gyp-bin:/Users/anne/Dropbox/Training/LEARNING/APIs/WORKSPACE/spotify/AK-spotify-D3/node_modules/.bin:/Users/anne/Projects/habu/bin:/Applications/Sublime Text.app/Contents/SharedSupport/bin/:/Users/anne/Projects:/Users/anne/.nvm/versions/node/v7.1.0/bin:/usr/local/bin:/usr/bin:/bin:/usr/sbin:/sbin:/opt/X11/bin
10 verbose lifecycle web-api-auth-examples@0.0.1~start: CWD: /Users/anne/Dropbox/Training/LEARNING/APIs/WORKSPACE/spotify/AK-spotify-D3
11 silly lifecycle web-api-auth-examples@0.0.1~start: Args: [ '-c', 'node server.js' ]
12 silly lifecycle web-api-auth-examples@0.0.1~start: Returned: code: 1  signal: null
13 info lifecycle web-api-auth-examples@0.0.1~start: Failed to exec start script
14 verbose stack Error: web-api-auth-examples@0.0.1 start: `node server.js`
14 verbose stack Exit status 1
14 verbose stack     at EventEmitter.<anonymous> (/Users/anne/.nvm/versions/node/v7.1.0/lib/node_modules/npm/lib/utils/lifecycle.js:255:16)
14 verbose stack     at emitTwo (events.js:106:13)
14 verbose stack     at EventEmitter.emit (events.js:191:7)
14 verbose stack     at ChildProcess.<anonymous> (/Users/anne/.nvm/versions/node/v7.1.0/lib/node_modules/npm/lib/utils/spawn.js:40:14)
14 verbose stack     at emitTwo (events.js:106:13)
14 verbose stack     at ChildProcess.emit (events.js:191:7)
14 verbose stack     at maybeClose (internal/child_process.js:885:16)
14 verbose stack     at Process.ChildProcess._handle.onexit (internal/child_process.js:226:5)
15 verbose pkgid web-api-auth-examples@0.0.1
16 verbose cwd /Users/anne/Dropbox/Training/LEARNING/APIs/WORKSPACE/spotify/AK-spotify-D3
17 error Darwin 15.6.0
18 error argv "/Users/anne/.nvm/versions/node/v7.1.0/bin/node" "/Users/anne/.nvm/versions/node/v7.1.0/bin/npm" "start"
19 error node v7.1.0
20 error npm  v3.10.9
21 error code ELIFECYCLE
22 error web-api-auth-examples@0.0.1 start: `node server.js`
22 error Exit status 1
23 error Failed at the web-api-auth-examples@0.0.1 start script 'node server.js'.
23 error Make sure you have the latest version of node.js and npm installed.
23 error If you do, this is most likely a problem with the web-api-auth-examples package,
23 error not with npm itself.
23 error Tell the author that this fails on your system:
23 error     node server.js
23 error You can get information on how to open an issue for this project with:
23 error     npm bugs web-api-auth-examples
23 error Or if that isn't available, you can get their info via:
23 error     npm owner ls web-api-auth-examples
23 error There is likely additional logging output above.
24 verbose exit [ 1, true ]
